<?xml version="1.0" encoding="UTF-8"?>
<!-- Generated by org.testng.reporters.JUnitReportReporter -->
<testsuite hostname="SaiSowmya" failures="0" tests="2" name="myShop_testng.logintestcaseusingdp" time="20.232" errors="0" timestamp="2025-06-09T12:51:48 IST" skipped="0">
  <testcase classname="myShop_testng.logintestcaseusingdp" name="logintest" time="9.824"/>
  <testcase classname="myShop_testng.logintestcaseusingdp" name="logintest" time="10.408"/>
</testsuite> <!-- myShop_testng.logintestcaseusingdp -->
