<?xml version="1.0" encoding="UTF-8"?>
<!-- Generated by org.testng.reporters.JUnitReportReporter -->
<testsuite hostname="SaiSowmya" failures="0" tests="3" name="myShop_testng.logintestcase" time="15.987" errors="0" timestamp="2025-06-08T22:36:03 IST" skipped="0">
  <testcase classname="myShop_testng.logintestcase" name="loginwithinvalidcred" time="4.513"/>
  <testcase classname="myShop_testng.logintestcase" name="loginwithvalidcred" time="6.060"/>
  <testcase classname="myShop_testng.logintestcase" name="loginwithinvalidbtn" time="5.414"/>
</testsuite> <!-- myShop_testng.logintestcase -->
