<?xml version="1.0" encoding="UTF-8"?>
<!-- Generated by org.testng.reporters.JUnitReportReporter -->
<testsuite hostname="SaiSowmya" failures="0" tests="2" name="PomTests_.searchtext" time="4.016" errors="0" timestamp="2025-06-20T21:40:31 IST" skipped="0">
  <testcase classname="PomTests_.searchtext" name="selectaprd" time="0.499"/>
  <testcase classname="PomTests_.searchtext" name="searchingprod" time="3.517"/>
</testsuite> <!-- PomTests_.searchtext -->
