<?xml version="1.0" encoding="UTF-8"?>
<!-- Generated by org.testng.reporters.JUnitReportReporter -->
<testsuite hostname="SaiSowmya" failures="0" tests="4" name="testNG.testng2" time="0.014" errors="0" timestamp="2025-06-06T21:23:43 IST" skipped="0">
  <testcase classname="testNG.testng2" name="logout" time="0.003"/>
  <testcase classname="testNG.testng2" name="login" time="0.004"/>
  <testcase classname="testNG.testng2" name="login" time="0.003"/>
  <testcase classname="testNG.testng2" name="login" time="0.004"/>
</testsuite> <!-- testNG.testng2 -->
