<?xml version="1.0" encoding="UTF-8"?>
<!-- Generated by org.testng.reporters.JUnitReportReporter -->
<testsuite hostname="SaiSowmya" failures="0" tests="1" name="CommonUtilities_.BaseClass" time="18.609" errors="0" timestamp="2025-06-19T20:37:05 IST" skipped="0">
  <testcase classname="CommonUtilities_.BaseClass" name="browserlaunch" time="18.609"/>
</testsuite> <!-- CommonUtilities_.BaseClass -->
