<?xml version="1.0" encoding="UTF-8"?>
<!-- Generated by org.testng.reporters.JUnitReportReporter -->
<testsuite hostname="SaiSowmya" failures="0" tests="2" name="PomTests_.selectaprdfromsearchbox" time="3.597" errors="0" timestamp="2025-06-30T17:39:44 IST" skipped="0">
  <testcase classname="PomTests_.selectaprdfromsearchbox" name="productsearch" time="3.190"/>
  <testcase classname="PomTests_.selectaprdfromsearchbox" name="prdctsel" time="0.407"/>
</testsuite> <!-- PomTests_.selectaprdfromsearchbox -->
