<?xml version="1.0" encoding="UTF-8"?>
<!-- Generated by org.testng.reporters.JUnitReportReporter -->
<testsuite hostname="SaiSowmya" failures="0" tests="2" name="PomTests_.Demo" time="0.012" errors="0" timestamp="2025-06-22T17:46:42 IST" skipped="0">
  <testcase classname="PomTests_.Demo" name="debug" time="0.006"/>
  <testcase classname="PomTests_.Demo" name="sample" time="0.006"/>
</testsuite> <!-- PomTests_.Demo -->
