<?xml version="1.0" encoding="UTF-8"?>
<!-- Generated by org.testng.reporters.JUnitReportReporter -->
<testsuite hostname="SaiSowmya" failures="0" tests="5" name="testNG.Dataprovider" time="0.020" errors="0" timestamp="2025-06-04T14:24:45 IST" skipped="0">
  <testcase classname="testNG.Dataprovider" name="booktickets" time="0.001"/>
  <testcase classname="testNG.Dataprovider" name="booktickets" time="0.003"/>
  <testcase classname="testNG.Dataprovider" name="booktickets" time="0.002"/>
  <testcase classname="testNG.Dataprovider" name="login" time="0.004"/>
  <testcase classname="testNG.Dataprovider" name="booktickets" time="0.010"/>
</testsuite> <!-- testNG.Dataprovider -->
