<?xml version="1.0" encoding="UTF-8"?>
<!-- Generated by org.testng.reporters.JUnitReportReporter -->
<testsuite hostname="SaiSowmya" failures="0" tests="1" name="PomTests_.loginTest" time="3.682" errors="0" timestamp="2025-06-20T20:16:04 IST" skipped="0">
  <testcase classname="PomTests_.loginTest" name="login" time="3.682"/>
</testsuite> <!-- PomTests_.loginTest -->
