<?xml version="1.0" encoding="UTF-8"?>
<!-- Generated by org.testng.reporters.JUnitReportReporter -->
<testsuite hostname="SaiSowmya" failures="0" tests="3" name="testNG.textNg1" time="0.009" errors="0" timestamp="2025-05-30T20:56:50 IST" skipped="1">
  <testcase classname="testNG.textNg1" name="loginwithvalidcredentials" time="0.009"/>
  <testcase classname="testNG.textNg1" name="forgotpassword" time="0.000"/>
  <testcase classname="testNG.textNg1" name="loginwithinvalidcred">
    <skipped/>
  </testcase> <!-- loginwithinvalidcred -->
</testsuite> <!-- testNG.textNg1 -->
