<?xml version="1.0" encoding="UTF-8"?>
<!-- Generated by org.testng.reporters.JUnitReportReporter -->
<testsuite hostname="SaiSowmya" failures="0" tests="1" name="PomTests_.selecta_prd" time="11.381" errors="0" timestamp="2025-06-30T17:39:44 IST" skipped="0">
  <testcase classname="PomTests_.selecta_prd" name="productblouse" time="11.381"/>
</testsuite> <!-- PomTests_.selecta_prd -->
