<?xml version="1.0" encoding="UTF-8"?>
<!-- Generated by org.testng.reporters.JUnitReportReporter -->
<testsuite hostname="SaiSowmya" failures="0" tests="3" name="myShop_testng.logintestcase1" time="8.546" errors="0" timestamp="2025-06-09T17:36:11 IST" skipped="2">
  <testcase classname="myShop_testng.logintestcase1" name="loginwithvalidcred" time="8.546"/>
  <testcase classname="myShop_testng.logintestcase1" name="loginwithinvalidbtn">
    <skipped/>
  </testcase> <!-- loginwithinvalidbtn -->
  <testcase classname="myShop_testng.logintestcase1" name="loginwithinvalidcred">
    <skipped/>
  </testcase> <!-- loginwithinvalidcred -->
</testsuite> <!-- myShop_testng.logintestcase1 -->
